kotlin version: 2.0.21
error message: org.jetbrains.kotlin.util.FileAnalysisException: While analysing C:/Users/anton/Desktop/Proyectos/AppSilvant/app/src/main/java/com/adp/appsilvant/pantallas/MediaScreen.kt:52:5: java.lang.AssertionError: You should use ConeClassLookupTagWithFixedSymbol for local <local>/PagedResponse.$serializer!
	at org.jetbrains.kotlin.util.AnalysisExceptionsKt.wrapIntoFileAnalysisExceptionIfNeeded(AnalysisExceptions.kt:57)
	at org.jetbrains.kotlin.fir.FirCliExceptionHandler.handleExceptionOnFileAnalysis(Utils.kt:249)
	at org.jetbrains.kotlin.fir.backend.Fir2IrConverter.runSourcesConversion(Fir2IrConverter.kt:674)
	at org.jetbrains.kotlin.fir.backend.Fir2IrConverter.access$runSourcesConversion(Fir2IrConverter.kt:63)
	at org.jetbrains.kotlin.fir.backend.Fir2IrConverter$Companion.generateIrModuleFragment(Fir2IrConverter.kt:664)
	at org.jetbrains.kotlin.fir.pipeline.Fir2IrPipeline.runFir2IrConversion(convertToIr.kt:163)
	at org.jetbrains.kotlin.fir.pipeline.Fir2IrPipeline.convertToIrAndActualize(convertToIr.kt:129)
	at org.jetbrains.kotlin.fir.pipeline.ConvertToIrKt.convertToIrAndActualize(convertToIr.kt:99)
	at org.jetbrains.kotlin.fir.pipeline.ConvertToIrKt.convertToIrAndActualize$default(convertToIr.kt:72)
	at org.jetbrains.kotlin.cli.jvm.compiler.pipeline.JvmCompilerPipelineKt.convertToIrAndActualizeForJvm(jvmCompilerPipeline.kt:196)
	at org.jetbrains.kotlin.cli.jvm.compiler.pipeline.JvmCompilerPipelineKt.convertAnalyzedFirToIr(jvmCompilerPipeline.kt:169)
	at org.jetbrains.kotlin.cli.jvm.compiler.pipeline.JvmCompilerPipelineKt.compileModulesUsingFrontendIrAndLightTree(jvmCompilerPipeline.kt:140)
	at org.jetbrains.kotlin.cli.jvm.K2JVMCompiler.doExecute(K2JVMCompiler.kt:148)
	at org.jetbrains.kotlin.cli.jvm.K2JVMCompiler.doExecute(K2JVMCompiler.kt:43)
	at org.jetbrains.kotlin.cli.common.CLICompiler.execImpl(CLICompiler.kt:103)
	at org.jetbrains.kotlin.cli.common.CLICompiler.execImpl(CLICompiler.kt:49)
	at org.jetbrains.kotlin.cli.common.CLITool.exec(CLITool.kt:101)
	at org.jetbrains.kotlin.incremental.IncrementalJvmCompilerRunner.runCompiler(IncrementalJvmCompilerRunner.kt:464)
	at org.jetbrains.kotlin.incremental.IncrementalJvmCompilerRunner.runCompiler(IncrementalJvmCompilerRunner.kt:73)
	at org.jetbrains.kotlin.incremental.IncrementalCompilerRunner.doCompile(IncrementalCompilerRunner.kt:506)
	at org.jetbrains.kotlin.incremental.IncrementalCompilerRunner.compileImpl(IncrementalCompilerRunner.kt:423)
	at org.jetbrains.kotlin.incremental.IncrementalCompilerRunner.compileNonIncrementally(IncrementalCompilerRunner.kt:301)
	at org.jetbrains.kotlin.incremental.IncrementalCompilerRunner.compile(IncrementalCompilerRunner.kt:129)
	at org.jetbrains.kotlin.daemon.CompileServiceImplBase.execIncrementalCompiler(CompileServiceImpl.kt:675)
	at org.jetbrains.kotlin.daemon.CompileServiceImplBase.access$execIncrementalCompiler(CompileServiceImpl.kt:92)
	at org.jetbrains.kotlin.daemon.CompileServiceImpl.compile(CompileServiceImpl.kt:1660)
	at java.base/jdk.internal.reflect.DirectMethodHandleAccessor.invoke(Unknown Source)
	at java.base/java.lang.reflect.Method.invoke(Unknown Source)
	at java.rmi/sun.rmi.server.UnicastServerRef.dispatch(Unknown Source)
	at java.rmi/sun.rmi.transport.Transport$1.run(Unknown Source)
	at java.rmi/sun.rmi.transport.Transport$1.run(Unknown Source)
	at java.base/java.security.AccessController.doPrivileged(Unknown Source)
	at java.rmi/sun.rmi.transport.Transport.serviceCall(Unknown Source)
	at java.rmi/sun.rmi.transport.tcp.TCPTransport.handleMessages(Unknown Source)
	at java.rmi/sun.rmi.transport.tcp.TCPTransport$ConnectionHandler.run0(Unknown Source)
	at java.rmi/sun.rmi.transport.tcp.TCPTransport$ConnectionHandler.lambda$run$0(Unknown Source)
	at java.base/java.security.AccessController.doPrivileged(Unknown Source)
	at java.rmi/sun.rmi.transport.tcp.TCPTransport$ConnectionHandler.run(Unknown Source)
	at java.base/java.util.concurrent.ThreadPoolExecutor.runWorker(Unknown Source)
	at java.base/java.util.concurrent.ThreadPoolExecutor$Worker.run(Unknown Source)
	at java.base/java.lang.Thread.run(Unknown Source)
Caused by: java.lang.AssertionError: You should use ConeClassLookupTagWithFixedSymbol for local <local>/PagedResponse.$serializer!
	at org.jetbrains.kotlin.fir.symbols.impl.ConeClassLikeLookupTagImpl.<init>(ConeClassLikeLookupTagImpl.kt:19)
	at org.jetbrains.kotlinx.serialization.compiler.fir.SerializationFirResolveExtension.generateConstructors(SerializationFirResolveExtension.kt:294)
	at org.jetbrains.kotlin.fir.scopes.impl.FirGeneratedMemberDeclarationsStorage$CallableStorage.generateConstructors(FirGeneratedScopes.kt:211)
	at org.jetbrains.kotlin.fir.scopes.impl.FirGeneratedMemberDeclarationsStorage$CallableStorage.constructorCache$lambda$2(FirGeneratedScopes.kt:187)
	at kotlin.UnsafeLazyImpl.getValue(Lazy.kt:81)
	at org.jetbrains.kotlin.fir.caches.FirThreadUnsafeValue.getLazyValue(FirThreadUnsafeCachesFactory.kt:71)
	at org.jetbrains.kotlin.fir.caches.FirThreadUnsafeValue.getValue(FirThreadUnsafeCachesFactory.kt:72)
	at org.jetbrains.kotlin.fir.scopes.impl.FirGeneratedClassDeclaredMemberScope.processDeclaredConstructors(FirGeneratedScopes.kt:90)
	at org.jetbrains.kotlin.fir.extensions.GeneratedDeclarationsUtilsKt.generatedMembers(generatedDeclarationsUtils.kt:46)
	at org.jetbrains.kotlin.fir.backend.Fir2IrConverter.processClassMembers$fir2ir(Fir2IrConverter.kt:213)
	at org.jetbrains.kotlin.fir.backend.Fir2IrConverter.processMemberDeclaration(Fir2IrConverter.kt:452)
	at org.jetbrains.kotlin.fir.backend.Fir2IrConverter.processClassMembers$fir2ir(Fir2IrConverter.kt:230)
	at org.jetbrains.kotlin.fir.backend.Fir2IrConverter.processLocalClassAndNestedClasses(Fir2IrConverter.kt:122)
	at org.jetbrains.kotlin.fir.backend.Fir2IrVisitor.visitRegularClass(Fir2IrVisitor.kt:199)
	at org.jetbrains.kotlin.fir.backend.Fir2IrVisitor.visitRegularClass(Fir2IrVisitor.kt:62)
	at org.jetbrains.kotlin.fir.declarations.FirRegularClass.accept(FirRegularClass.kt:48)
	at org.jetbrains.kotlin.fir.backend.Fir2IrVisitor.toIrStatement(Fir2IrVisitor.kt:884)
	at org.jetbrains.kotlin.fir.backend.Fir2IrVisitor.mapToIrStatements(Fir2IrVisitor.kt:981)
	at org.jetbrains.kotlin.fir.backend.Fir2IrVisitor.mapToIrStatements$default(Fir2IrVisitor.kt:960)
	at org.jetbrains.kotlin.fir.backend.Fir2IrVisitor.convertToIrBlockBody$fir2ir(Fir2IrVisitor.kt:999)
	at org.jetbrains.kotlin.fir.backend.generators.ClassMemberGenerator.convertFunctionContent(ClassMemberGenerator.kt:196)
	at org.jetbrains.kotlin.fir.backend.Fir2IrVisitor.visitSimpleFunction(Fir2IrVisitor.kt:409)
	at org.jetbrains.kotlin.fir.backend.Fir2IrVisitor.visitSimpleFunction(Fir2IrVisitor.kt:62)
	at org.jetbrains.kotlin.fir.declarations.FirSimpleFunction.accept(FirSimpleFunction.kt:51)
	at org.jetbrains.kotlin.fir.backend.Fir2IrVisitor.toIrDeclaration(Fir2IrVisitor.kt:115)
	at org.jetbrains.kotlin.fir.backend.Fir2IrVisitor.visitFile(Fir2IrVisitor.kt:106)
	at org.jetbrains.kotlin.fir.backend.Fir2IrVisitor.visitFile(Fir2IrVisitor.kt:62)
	at org.jetbrains.kotlin.fir.declarations.FirFile.accept(FirFile.kt:42)
	at org.jetbrains.kotlin.fir.backend.Fir2IrConverter.runSourcesConversion(Fir2IrConverter.kt:99)
	... 38 more


